mode: atomic
github.com/gobitfly/eth2-beaconchain-explorer/erc20/weth/bindings.go:92.83,94.16 2 0
github.com/gobitfly/eth2-beaconchain-explorer/erc20/weth/bindings.go:94.16,96.3 1 0
github.com/gobitfly/eth2-beaconchain-explorer/erc20/weth/bindings.go:97.2,97.163 1 0
github.com/gobitfly/eth2-beaconchain-explorer/erc20/weth/bindings.go:101.93,103.16 2 0
github.com/gobitfly/eth2-beaconchain-explorer/erc20/weth/bindings.go:103.16,105.3 1 0
github.com/gobitfly/eth2-beaconchain-explorer/erc20/weth/bindings.go:106.2,106.45 1 0
github.com/gobitfly/eth2-beaconchain-explorer/erc20/weth/bindings.go:110.109,112.16 2 0
github.com/gobitfly/eth2-beaconchain-explorer/erc20/weth/bindings.go:112.16,114.3 1 0
github.com/gobitfly/eth2-beaconchain-explorer/erc20/weth/bindings.go:115.2,115.49 1 0
github.com/gobitfly/eth2-beaconchain-explorer/erc20/weth/bindings.go:119.101,121.16 2 0
github.com/gobitfly/eth2-beaconchain-explorer/erc20/weth/bindings.go:121.16,123.3 1 0
github.com/gobitfly/eth2-beaconchain-explorer/erc20/weth/bindings.go:124.2,124.47 1 0
github.com/gobitfly/eth2-beaconchain-explorer/erc20/weth/bindings.go:128.164,130.16 2 0
github.com/gobitfly/eth2-beaconchain-explorer/erc20/weth/bindings.go:130.16,132.3 1 0
github.com/gobitfly/eth2-beaconchain-explorer/erc20/weth/bindings.go:133.2,133.82 1 0
github.com/gobitfly/eth2-beaconchain-explorer/erc20/weth/bindings.go:140.116,142.2 1 0
github.com/gobitfly/eth2-beaconchain-explorer/erc20/weth/bindings.go:146.85,148.2 1 0
github.com/gobitfly/eth2-beaconchain-explorer/erc20/weth/bindings.go:151.123,153.2 1 0
github.com/gobitfly/eth2-beaconchain-explorer/erc20/weth/bindings.go:159.122,161.2 1 0
github.com/gobitfly/eth2-beaconchain-explorer/erc20/weth/bindings.go:165.95,167.2 1 0
github.com/gobitfly/eth2-beaconchain-explorer/erc20/weth/bindings.go:170.133,172.2 1 0
github.com/gobitfly/eth2-beaconchain-explorer/erc20/weth/bindings.go:177.117,181.16 3 0
github.com/gobitfly/eth2-beaconchain-explorer/erc20/weth/bindings.go:181.16,183.3 1 0
github.com/gobitfly/eth2-beaconchain-explorer/erc20/weth/bindings.go:185.2,187.18 2 0
github.com/gobitfly/eth2-beaconchain-explorer/erc20/weth/bindings.go:194.97,196.2 1 0
github.com/gobitfly/eth2-beaconchain-explorer/erc20/weth/bindings.go:201.103,203.2 1 0
github.com/gobitfly/eth2-beaconchain-explorer/erc20/weth/bindings.go:208.96,212.16 3 0
github.com/gobitfly/eth2-beaconchain-explorer/erc20/weth/bindings.go:212.16,214.3 1 0
github.com/gobitfly/eth2-beaconchain-explorer/erc20/weth/bindings.go:216.2,218.18 2 0
github.com/gobitfly/eth2-beaconchain-explorer/erc20/weth/bindings.go:225.76,227.2 1 0
github.com/gobitfly/eth2-beaconchain-explorer/erc20/weth/bindings.go:232.82,234.2 1 0
github.com/gobitfly/eth2-beaconchain-explorer/erc20/weth/bindings.go:239.71,243.16 3 0
github.com/gobitfly/eth2-beaconchain-explorer/erc20/weth/bindings.go:243.16,245.3 1 0
github.com/gobitfly/eth2-beaconchain-explorer/erc20/weth/bindings.go:247.2,249.18 2 0
github.com/gobitfly/eth2-beaconchain-explorer/erc20/weth/bindings.go:256.53,258.2 1 0
github.com/gobitfly/eth2-beaconchain-explorer/erc20/weth/bindings.go:263.59,265.2 1 0
github.com/gobitfly/eth2-beaconchain-explorer/erc20/weth/bindings.go:270.68,274.16 3 0
github.com/gobitfly/eth2-beaconchain-explorer/erc20/weth/bindings.go:274.16,276.3 1 0
github.com/gobitfly/eth2-beaconchain-explorer/erc20/weth/bindings.go:278.2,280.18 2 0
github.com/gobitfly/eth2-beaconchain-explorer/erc20/weth/bindings.go:287.50,289.2 1 0
github.com/gobitfly/eth2-beaconchain-explorer/erc20/weth/bindings.go:294.56,296.2 1 0
github.com/gobitfly/eth2-beaconchain-explorer/erc20/weth/bindings.go:301.70,305.16 3 0
github.com/gobitfly/eth2-beaconchain-explorer/erc20/weth/bindings.go:305.16,307.3 1 0
github.com/gobitfly/eth2-beaconchain-explorer/erc20/weth/bindings.go:309.2,311.18 2 0
github.com/gobitfly/eth2-beaconchain-explorer/erc20/weth/bindings.go:318.52,320.2 1 0
github.com/gobitfly/eth2-beaconchain-explorer/erc20/weth/bindings.go:325.58,327.2 1 0
github.com/gobitfly/eth2-beaconchain-explorer/erc20/weth/bindings.go:332.77,336.16 3 0
github.com/gobitfly/eth2-beaconchain-explorer/erc20/weth/bindings.go:336.16,338.3 1 0
github.com/gobitfly/eth2-beaconchain-explorer/erc20/weth/bindings.go:340.2,342.18 2 0
github.com/gobitfly/eth2-beaconchain-explorer/erc20/weth/bindings.go:349.59,351.2 1 0
github.com/gobitfly/eth2-beaconchain-explorer/erc20/weth/bindings.go:356.65,358.2 1 0
github.com/gobitfly/eth2-beaconchain-explorer/erc20/weth/bindings.go:363.125,365.2 1 0
github.com/gobitfly/eth2-beaconchain-explorer/erc20/weth/bindings.go:370.97,372.2 1 0
github.com/gobitfly/eth2-beaconchain-explorer/erc20/weth/bindings.go:377.107,379.2 1 0
github.com/gobitfly/eth2-beaconchain-explorer/erc20/weth/bindings.go:384.91,386.2 1 0
github.com/gobitfly/eth2-beaconchain-explorer/erc20/weth/bindings.go:391.65,393.2 1 0
github.com/gobitfly/eth2-beaconchain-explorer/erc20/weth/bindings.go:398.75,400.2 1 0
github.com/gobitfly/eth2-beaconchain-explorer/erc20/weth/bindings.go:405.126,407.2 1 0
github.com/gobitfly/eth2-beaconchain-explorer/erc20/weth/bindings.go:412.98,414.2 1 0
github.com/gobitfly/eth2-beaconchain-explorer/erc20/weth/bindings.go:419.108,421.2 1 0
github.com/gobitfly/eth2-beaconchain-explorer/erc20/weth/bindings.go:426.150,428.2 1 0
github.com/gobitfly/eth2-beaconchain-explorer/erc20/weth/bindings.go:433.122,435.2 1 0
github.com/gobitfly/eth2-beaconchain-explorer/erc20/weth/bindings.go:440.132,442.2 1 0
github.com/gobitfly/eth2-beaconchain-explorer/erc20/weth/bindings.go:447.106,449.2 1 0
github.com/gobitfly/eth2-beaconchain-explorer/erc20/weth/bindings.go:454.78,456.2 1 0
github.com/gobitfly/eth2-beaconchain-explorer/erc20/weth/bindings.go:461.88,463.2 1 0
github.com/gobitfly/eth2-beaconchain-explorer/erc20/weth/bindings.go:468.109,470.2 1 0
github.com/gobitfly/eth2-beaconchain-explorer/erc20/weth/bindings.go:475.81,477.2 1 0
github.com/gobitfly/eth2-beaconchain-explorer/erc20/weth/bindings.go:482.91,484.2 1 0
github.com/gobitfly/eth2-beaconchain-explorer/erc20/weth/bindings.go:502.45,504.20 1 0
github.com/gobitfly/eth2-beaconchain-explorer/erc20/weth/bindings.go:504.20,506.3 1 0
github.com/gobitfly/eth2-beaconchain-explorer/erc20/weth/bindings.go:508.2,508.13 1 0
github.com/gobitfly/eth2-beaconchain-explorer/erc20/weth/bindings.go:508.13,509.10 1 0
github.com/gobitfly/eth2-beaconchain-explorer/erc20/weth/bindings.go:510.25,512.73 2 0
github.com/gobitfly/eth2-beaconchain-explorer/erc20/weth/bindings.go:512.73,515.5 2 0
github.com/gobitfly/eth2-beaconchain-explorer/erc20/weth/bindings.go:516.4,517.15 2 0
github.com/gobitfly/eth2-beaconchain-explorer/erc20/weth/bindings.go:519.11,520.16 1 0
github.com/gobitfly/eth2-beaconchain-explorer/erc20/weth/bindings.go:524.2,524.9 1 0
github.com/gobitfly/eth2-beaconchain-explorer/erc20/weth/bindings.go:525.24,527.72 2 0
github.com/gobitfly/eth2-beaconchain-explorer/erc20/weth/bindings.go:527.72,530.4 2 0
github.com/gobitfly/eth2-beaconchain-explorer/erc20/weth/bindings.go:531.3,532.14 2 0
github.com/gobitfly/eth2-beaconchain-explorer/erc20/weth/bindings.go:534.29,537.19 3 0
github.com/gobitfly/eth2-beaconchain-explorer/erc20/weth/bindings.go:542.47,544.2 1 0
github.com/gobitfly/eth2-beaconchain-explorer/erc20/weth/bindings.go:548.47,551.2 2 0
github.com/gobitfly/eth2-beaconchain-explorer/erc20/weth/bindings.go:564.141,567.30 2 0
github.com/gobitfly/eth2-beaconchain-explorer/erc20/weth/bindings.go:567.30,569.3 1 0
github.com/gobitfly/eth2-beaconchain-explorer/erc20/weth/bindings.go:570.2,571.30 2 0
github.com/gobitfly/eth2-beaconchain-explorer/erc20/weth/bindings.go:571.30,573.3 1 0
github.com/gobitfly/eth2-beaconchain-explorer/erc20/weth/bindings.go:575.2,576.16 2 0
github.com/gobitfly/eth2-beaconchain-explorer/erc20/weth/bindings.go:576.16,578.3 1 0
github.com/gobitfly/eth2-beaconchain-explorer/erc20/weth/bindings.go:579.2,579.102 1 0
github.com/gobitfly/eth2-beaconchain-explorer/erc20/weth/bindings.go:585.163,588.30 2 0
github.com/gobitfly/eth2-beaconchain-explorer/erc20/weth/bindings.go:588.30,590.3 1 0
github.com/gobitfly/eth2-beaconchain-explorer/erc20/weth/bindings.go:591.2,592.30 2 0
github.com/gobitfly/eth2-beaconchain-explorer/erc20/weth/bindings.go:592.30,594.3 1 0
github.com/gobitfly/eth2-beaconchain-explorer/erc20/weth/bindings.go:596.2,597.16 2 0
github.com/gobitfly/eth2-beaconchain-explorer/erc20/weth/bindings.go:597.16,599.3 1 0
github.com/gobitfly/eth2-beaconchain-explorer/erc20/weth/bindings.go:600.2,600.64 1 0
github.com/gobitfly/eth2-beaconchain-explorer/erc20/weth/bindings.go:600.64,602.7 2 0
github.com/gobitfly/eth2-beaconchain-explorer/erc20/weth/bindings.go:602.7,603.11 1 0
github.com/gobitfly/eth2-beaconchain-explorer/erc20/weth/bindings.go:604.23,607.76 2 0
github.com/gobitfly/eth2-beaconchain-explorer/erc20/weth/bindings.go:607.76,609.6 1 0
github.com/gobitfly/eth2-beaconchain-explorer/erc20/weth/bindings.go:610.5,612.12 2 0
github.com/gobitfly/eth2-beaconchain-explorer/erc20/weth/bindings.go:613.24,613.24 0 0
github.com/gobitfly/eth2-beaconchain-explorer/erc20/weth/bindings.go:614.29,615.16 1 0
github.com/gobitfly/eth2-beaconchain-explorer/erc20/weth/bindings.go:616.17,617.16 1 0
github.com/gobitfly/eth2-beaconchain-explorer/erc20/weth/bindings.go:619.28,620.15 1 0
github.com/gobitfly/eth2-beaconchain-explorer/erc20/weth/bindings.go:621.16,622.15 1 0
github.com/gobitfly/eth2-beaconchain-explorer/erc20/weth/bindings.go:631.80,633.73 2 0
github.com/gobitfly/eth2-beaconchain-explorer/erc20/weth/bindings.go:633.73,635.3 1 0
github.com/gobitfly/eth2-beaconchain-explorer/erc20/weth/bindings.go:636.2,637.19 2 0
github.com/gobitfly/eth2-beaconchain-explorer/erc20/weth/bindings.go:656.44,658.20 1 0
github.com/gobitfly/eth2-beaconchain-explorer/erc20/weth/bindings.go:658.20,660.3 1 0
github.com/gobitfly/eth2-beaconchain-explorer/erc20/weth/bindings.go:662.2,662.13 1 0
github.com/gobitfly/eth2-beaconchain-explorer/erc20/weth/bindings.go:662.13,663.10 1 0
github.com/gobitfly/eth2-beaconchain-explorer/erc20/weth/bindings.go:664.25,666.73 2 0
github.com/gobitfly/eth2-beaconchain-explorer/erc20/weth/bindings.go:666.73,669.5 2 0
github.com/gobitfly/eth2-beaconchain-explorer/erc20/weth/bindings.go:670.4,671.15 2 0
github.com/gobitfly/eth2-beaconchain-explorer/erc20/weth/bindings.go:673.11,674.16 1 0
github.com/gobitfly/eth2-beaconchain-explorer/erc20/weth/bindings.go:678.2,678.9 1 0
github.com/gobitfly/eth2-beaconchain-explorer/erc20/weth/bindings.go:679.24,681.72 2 0
github.com/gobitfly/eth2-beaconchain-explorer/erc20/weth/bindings.go:681.72,684.4 2 0
github.com/gobitfly/eth2-beaconchain-explorer/erc20/weth/bindings.go:685.3,686.14 2 0
github.com/gobitfly/eth2-beaconchain-explorer/erc20/weth/bindings.go:688.29,691.19 3 0
github.com/gobitfly/eth2-beaconchain-explorer/erc20/weth/bindings.go:696.46,698.2 1 0
github.com/gobitfly/eth2-beaconchain-explorer/erc20/weth/bindings.go:702.46,705.2 2 0
github.com/gobitfly/eth2-beaconchain-explorer/erc20/weth/bindings.go:717.117,720.30 2 0
github.com/gobitfly/eth2-beaconchain-explorer/erc20/weth/bindings.go:720.30,722.3 1 0
github.com/gobitfly/eth2-beaconchain-explorer/erc20/weth/bindings.go:724.2,725.16 2 0
github.com/gobitfly/eth2-beaconchain-explorer/erc20/weth/bindings.go:725.16,727.3 1 0
github.com/gobitfly/eth2-beaconchain-explorer/erc20/weth/bindings.go:728.2,728.100 1 0
github.com/gobitfly/eth2-beaconchain-explorer/erc20/weth/bindings.go:734.139,737.30 2 0
github.com/gobitfly/eth2-beaconchain-explorer/erc20/weth/bindings.go:737.30,739.3 1 0
github.com/gobitfly/eth2-beaconchain-explorer/erc20/weth/bindings.go:741.2,742.16 2 0
github.com/gobitfly/eth2-beaconchain-explorer/erc20/weth/bindings.go:742.16,744.3 1 0
github.com/gobitfly/eth2-beaconchain-explorer/erc20/weth/bindings.go:745.2,745.64 1 0
github.com/gobitfly/eth2-beaconchain-explorer/erc20/weth/bindings.go:745.64,747.7 2 0
github.com/gobitfly/eth2-beaconchain-explorer/erc20/weth/bindings.go:747.7,748.11 1 0
github.com/gobitfly/eth2-beaconchain-explorer/erc20/weth/bindings.go:749.23,752.75 2 0
github.com/gobitfly/eth2-beaconchain-explorer/erc20/weth/bindings.go:752.75,754.6 1 0
github.com/gobitfly/eth2-beaconchain-explorer/erc20/weth/bindings.go:755.5,757.12 2 0
github.com/gobitfly/eth2-beaconchain-explorer/erc20/weth/bindings.go:758.24,758.24 0 0
github.com/gobitfly/eth2-beaconchain-explorer/erc20/weth/bindings.go:759.29,760.16 1 0
github.com/gobitfly/eth2-beaconchain-explorer/erc20/weth/bindings.go:761.17,762.16 1 0
github.com/gobitfly/eth2-beaconchain-explorer/erc20/weth/bindings.go:764.28,765.15 1 0
github.com/gobitfly/eth2-beaconchain-explorer/erc20/weth/bindings.go:766.16,767.15 1 0
github.com/gobitfly/eth2-beaconchain-explorer/erc20/weth/bindings.go:776.78,778.72 2 0
github.com/gobitfly/eth2-beaconchain-explorer/erc20/weth/bindings.go:778.72,780.3 1 0
github.com/gobitfly/eth2-beaconchain-explorer/erc20/weth/bindings.go:781.2,782.19 2 0
github.com/gobitfly/eth2-beaconchain-explorer/erc20/weth/bindings.go:801.45,803.20 1 0
github.com/gobitfly/eth2-beaconchain-explorer/erc20/weth/bindings.go:803.20,805.3 1 0
github.com/gobitfly/eth2-beaconchain-explorer/erc20/weth/bindings.go:807.2,807.13 1 0
github.com/gobitfly/eth2-beaconchain-explorer/erc20/weth/bindings.go:807.13,808.10 1 0
github.com/gobitfly/eth2-beaconchain-explorer/erc20/weth/bindings.go:809.25,811.73 2 0
github.com/gobitfly/eth2-beaconchain-explorer/erc20/weth/bindings.go:811.73,814.5 2 0
github.com/gobitfly/eth2-beaconchain-explorer/erc20/weth/bindings.go:815.4,816.15 2 0
github.com/gobitfly/eth2-beaconchain-explorer/erc20/weth/bindings.go:818.11,819.16 1 0
github.com/gobitfly/eth2-beaconchain-explorer/erc20/weth/bindings.go:823.2,823.9 1 0
github.com/gobitfly/eth2-beaconchain-explorer/erc20/weth/bindings.go:824.24,826.72 2 0
github.com/gobitfly/eth2-beaconchain-explorer/erc20/weth/bindings.go:826.72,829.4 2 0
github.com/gobitfly/eth2-beaconchain-explorer/erc20/weth/bindings.go:830.3,831.14 2 0
github.com/gobitfly/eth2-beaconchain-explorer/erc20/weth/bindings.go:833.29,836.19 3 0
github.com/gobitfly/eth2-beaconchain-explorer/erc20/weth/bindings.go:841.47,843.2 1 0
github.com/gobitfly/eth2-beaconchain-explorer/erc20/weth/bindings.go:847.47,850.2 2 0
github.com/gobitfly/eth2-beaconchain-explorer/erc20/weth/bindings.go:863.141,866.30 2 0
github.com/gobitfly/eth2-beaconchain-explorer/erc20/weth/bindings.go:866.30,868.3 1 0
github.com/gobitfly/eth2-beaconchain-explorer/erc20/weth/bindings.go:869.2,870.30 2 0
github.com/gobitfly/eth2-beaconchain-explorer/erc20/weth/bindings.go:870.30,872.3 1 0
github.com/gobitfly/eth2-beaconchain-explorer/erc20/weth/bindings.go:874.2,875.16 2 0
github.com/gobitfly/eth2-beaconchain-explorer/erc20/weth/bindings.go:875.16,877.3 1 0
github.com/gobitfly/eth2-beaconchain-explorer/erc20/weth/bindings.go:878.2,878.102 1 0
github.com/gobitfly/eth2-beaconchain-explorer/erc20/weth/bindings.go:884.163,887.30 2 0
github.com/gobitfly/eth2-beaconchain-explorer/erc20/weth/bindings.go:887.30,889.3 1 0
github.com/gobitfly/eth2-beaconchain-explorer/erc20/weth/bindings.go:890.2,891.30 2 0
github.com/gobitfly/eth2-beaconchain-explorer/erc20/weth/bindings.go:891.30,893.3 1 0
github.com/gobitfly/eth2-beaconchain-explorer/erc20/weth/bindings.go:895.2,896.16 2 0
github.com/gobitfly/eth2-beaconchain-explorer/erc20/weth/bindings.go:896.16,898.3 1 0
github.com/gobitfly/eth2-beaconchain-explorer/erc20/weth/bindings.go:899.2,899.64 1 0
github.com/gobitfly/eth2-beaconchain-explorer/erc20/weth/bindings.go:899.64,901.7 2 0
github.com/gobitfly/eth2-beaconchain-explorer/erc20/weth/bindings.go:901.7,902.11 1 0
github.com/gobitfly/eth2-beaconchain-explorer/erc20/weth/bindings.go:903.23,906.76 2 0
github.com/gobitfly/eth2-beaconchain-explorer/erc20/weth/bindings.go:906.76,908.6 1 0
github.com/gobitfly/eth2-beaconchain-explorer/erc20/weth/bindings.go:909.5,911.12 2 0
github.com/gobitfly/eth2-beaconchain-explorer/erc20/weth/bindings.go:912.24,912.24 0 0
github.com/gobitfly/eth2-beaconchain-explorer/erc20/weth/bindings.go:913.29,914.16 1 0
github.com/gobitfly/eth2-beaconchain-explorer/erc20/weth/bindings.go:915.17,916.16 1 0
github.com/gobitfly/eth2-beaconchain-explorer/erc20/weth/bindings.go:918.28,919.15 1 0
github.com/gobitfly/eth2-beaconchain-explorer/erc20/weth/bindings.go:920.16,921.15 1 0
github.com/gobitfly/eth2-beaconchain-explorer/erc20/weth/bindings.go:930.80,932.73 2 0
github.com/gobitfly/eth2-beaconchain-explorer/erc20/weth/bindings.go:932.73,934.3 1 0
github.com/gobitfly/eth2-beaconchain-explorer/erc20/weth/bindings.go:935.2,936.19 2 0
github.com/gobitfly/eth2-beaconchain-explorer/erc20/weth/bindings.go:955.47,957.20 1 0
github.com/gobitfly/eth2-beaconchain-explorer/erc20/weth/bindings.go:957.20,959.3 1 0
github.com/gobitfly/eth2-beaconchain-explorer/erc20/weth/bindings.go:961.2,961.13 1 0
github.com/gobitfly/eth2-beaconchain-explorer/erc20/weth/bindings.go:961.13,962.10 1 0
github.com/gobitfly/eth2-beaconchain-explorer/erc20/weth/bindings.go:963.25,965.73 2 0
github.com/gobitfly/eth2-beaconchain-explorer/erc20/weth/bindings.go:965.73,968.5 2 0
github.com/gobitfly/eth2-beaconchain-explorer/erc20/weth/bindings.go:969.4,970.15 2 0
github.com/gobitfly/eth2-beaconchain-explorer/erc20/weth/bindings.go:972.11,973.16 1 0
github.com/gobitfly/eth2-beaconchain-explorer/erc20/weth/bindings.go:977.2,977.9 1 0
github.com/gobitfly/eth2-beaconchain-explorer/erc20/weth/bindings.go:978.24,980.72 2 0
github.com/gobitfly/eth2-beaconchain-explorer/erc20/weth/bindings.go:980.72,983.4 2 0
github.com/gobitfly/eth2-beaconchain-explorer/erc20/weth/bindings.go:984.3,985.14 2 0
github.com/gobitfly/eth2-beaconchain-explorer/erc20/weth/bindings.go:987.29,990.19 3 0
github.com/gobitfly/eth2-beaconchain-explorer/erc20/weth/bindings.go:995.49,997.2 1 0
github.com/gobitfly/eth2-beaconchain-explorer/erc20/weth/bindings.go:1001.49,1004.2 2 0
github.com/gobitfly/eth2-beaconchain-explorer/erc20/weth/bindings.go:1016.123,1019.30 2 0
github.com/gobitfly/eth2-beaconchain-explorer/erc20/weth/bindings.go:1019.30,1021.3 1 0
github.com/gobitfly/eth2-beaconchain-explorer/erc20/weth/bindings.go:1023.2,1024.16 2 0
github.com/gobitfly/eth2-beaconchain-explorer/erc20/weth/bindings.go:1024.16,1026.3 1 0
github.com/gobitfly/eth2-beaconchain-explorer/erc20/weth/bindings.go:1027.2,1027.106 1 0
github.com/gobitfly/eth2-beaconchain-explorer/erc20/weth/bindings.go:1033.145,1036.30 2 0
github.com/gobitfly/eth2-beaconchain-explorer/erc20/weth/bindings.go:1036.30,1038.3 1 0
github.com/gobitfly/eth2-beaconchain-explorer/erc20/weth/bindings.go:1040.2,1041.16 2 0
github.com/gobitfly/eth2-beaconchain-explorer/erc20/weth/bindings.go:1041.16,1043.3 1 0
github.com/gobitfly/eth2-beaconchain-explorer/erc20/weth/bindings.go:1044.2,1044.64 1 0
github.com/gobitfly/eth2-beaconchain-explorer/erc20/weth/bindings.go:1044.64,1046.7 2 0
github.com/gobitfly/eth2-beaconchain-explorer/erc20/weth/bindings.go:1046.7,1047.11 1 0
github.com/gobitfly/eth2-beaconchain-explorer/erc20/weth/bindings.go:1048.23,1051.78 2 0
github.com/gobitfly/eth2-beaconchain-explorer/erc20/weth/bindings.go:1051.78,1053.6 1 0
github.com/gobitfly/eth2-beaconchain-explorer/erc20/weth/bindings.go:1054.5,1056.12 2 0
github.com/gobitfly/eth2-beaconchain-explorer/erc20/weth/bindings.go:1057.24,1057.24 0 0
github.com/gobitfly/eth2-beaconchain-explorer/erc20/weth/bindings.go:1058.29,1059.16 1 0
github.com/gobitfly/eth2-beaconchain-explorer/erc20/weth/bindings.go:1060.17,1061.16 1 0
github.com/gobitfly/eth2-beaconchain-explorer/erc20/weth/bindings.go:1063.28,1064.15 1 0
github.com/gobitfly/eth2-beaconchain-explorer/erc20/weth/bindings.go:1065.16,1066.15 1 0
github.com/gobitfly/eth2-beaconchain-explorer/erc20/weth/bindings.go:1075.84,1077.75 2 0
github.com/gobitfly/eth2-beaconchain-explorer/erc20/weth/bindings.go:1077.75,1079.3 1 0
github.com/gobitfly/eth2-beaconchain-explorer/erc20/weth/bindings.go:1080.2,1081.19 2 0
